<?xml version="1.0" encoding="UTF-8"?>
<!-- Generated by org.testng.reporters.JUnitXMLReporter -->
<testsuite ignored="0" hostname="AS-40" failures="0" tests="5" name="Test" time="6.579" errors="0" timestamp="2023-03-31T02:59:40 EET">
  <testcase classname="testyou.testcases.HomePageTest" name="setup" time="4.01"/>
  <testcase classname="testyou.testcases.HomePageTest" name="addusername" time="0.113"/>
  <testcase classname="testyou.testcases.HomePageTest" name="addpassword" time="0.088"/>
  <testcase classname="testyou.testcases.HomePageTest" name="submit" time="1.127"/>
  <testcase classname="testyou.testcases.HomePageTest" name="checkvalidationError" time="0.062"/>
</testsuite> <!-- Test -->
