<?xml version="1.0" encoding="UTF-8"?>
<testng-results ignored="0" total="5" passed="5" failed="0" skipped="0">
  <reporter-output>
  </reporter-output>
  <suite started-at="2023-03-31T04:36:18 EET" name="Suite" finished-at="2023-03-31T04:36:25 EET" duration-ms="7286">
    <groups>
    </groups>
    <test started-at="2023-03-31T04:36:18 EET" name="Test" finished-at="2023-03-31T04:36:25 EET" duration-ms="7286">
      <class name="testyou.testcases.HomePageTest">
        <test-method is-config="true" signature="loadConfig()[pri:0, instance:testyou.testcases.HomePageTest@37858383]" started-at="2023-03-31T04:36:18 EET" name="loadConfig" finished-at="2023-03-31T04:36:18 EET" duration-ms="232" status="PASS">
          <reporter-output>
          </reporter-output>
        </test-method> <!-- loadConfig -->
        <test-method signature="setup()[pri:1, instance:testyou.testcases.HomePageTest@37858383]" started-at="2023-03-31T04:36:18 EET" name="setup" finished-at="2023-03-31T04:36:22 EET" duration-ms="4306" status="PASS">
          <reporter-output>
          </reporter-output>
        </test-method> <!-- setup -->
        <test-method signature="addusername(java.lang.String, java.lang.String)[pri:2, instance:testyou.testcases.HomePageTest@37858383]" started-at="2023-03-31T04:36:23 EET" name="addusername" data-provider="webloginUsers" finished-at="2023-03-31T04:36:23 EET" duration-ms="173" status="PASS">
          <params>
            <param index="0">
              <value>
                <![CDATA[Amira]]>
              </value>
            </param>
            <param index="1">
              <value>
                <![CDATA[dfdfdfdf]]>
              </value>
            </param>
          </params>
          <reporter-output>
          </reporter-output>
        </test-method> <!-- addusername -->
        <test-method signature="addpassword(java.lang.String, java.lang.String)[pri:3, instance:testyou.testcases.HomePageTest@37858383]" started-at="2023-03-31T04:36:23 EET" name="addpassword" data-provider="webloginUsers" finished-at="2023-03-31T04:36:24 EET" duration-ms="117" status="PASS">
          <params>
            <param index="0">
              <value>
                <![CDATA[Amira]]>
              </value>
            </param>
            <param index="1">
              <value>
                <![CDATA[dfdfdfdf]]>
              </value>
            </param>
          </params>
          <reporter-output>
          </reporter-output>
        </test-method> <!-- addpassword -->
        <test-method signature="submit()[pri:4, instance:testyou.testcases.HomePageTest@37858383]" started-at="2023-03-31T04:36:24 EET" name="submit" finished-at="2023-03-31T04:36:25 EET" duration-ms="1045" status="PASS">
          <reporter-output>
          </reporter-output>
        </test-method> <!-- submit -->
        <test-method signature="checkvalidationError()[pri:5, instance:testyou.testcases.HomePageTest@37858383]" started-at="2023-03-31T04:36:25 EET" name="checkvalidationError" finished-at="2023-03-31T04:36:25 EET" duration-ms="81" status="PASS">
          <reporter-output>
          </reporter-output>
        </test-method> <!-- checkvalidationError -->
        <test-method is-config="true" signature="afterSuite()[pri:0, instance:testyou.testcases.HomePageTest@37858383]" started-at="2023-03-31T04:36:25 EET" name="afterSuite" finished-at="2023-03-31T04:36:26 EET" duration-ms="905" status="PASS">
          <reporter-output>
          </reporter-output>
        </test-method> <!-- afterSuite -->
      </class> <!-- testyou.testcases.HomePageTest -->
    </test> <!-- Test -->
  </suite> <!-- Suite -->
</testng-results>
